1505041351290:	INFO	IP address /192.168.0.145
1505041853200:	INFO	IP address /192.168.0.145
1505042492749:	INFO	Couldnt send C:\Users\Dhananjay\Documents\Java\TMA.mp3 to Pratik
1505042723316:	INFO	{ user:"Pratik",joinTime:"1505042492546",leaveTime:"1505042723316",filesUsed:"[C:\Users\Dhananjay\Documents\Java\TMA.mp3]" }
1505042742403:	INFO	Couldnt send C:\Users\Dhananjay\Documents\Java\TMA.mp3 to Pratik
1505042834607:	INFO	{ user:"Pratik",joinTime:"1505042742244",leaveTime:"1505042834607",filesUsed:"[C:\Users\Dhananjay\Documents\Java\TMA.mp3]" }
1505042900303:	INFO	Couldnt send C:\Users\Dhananjay\Documents\Java\TMA.mp3 to Pratik
1505042944068:	INFO	{ user:"Pratik",joinTime:"1505042900154",leaveTime:"1505042944068",filesUsed:"[C:\Users\Dhananjay\Documents\Java\TMA.mp3]" }
1505043765037:	INFO	Couldnt send C:\Users\Dhananjay\Documents\java\TMA.mp3.zip to Pratik
1505043824006:	INFO	{ user:"Pratik",joinTime:"1505043764527",leaveTime:"1505043824006",filesUsed:"[C:\Users\Dhananjay\Documents\java\TMA.mp3.zip]" }
1505043830631:	INFO	Couldnt send C:\Users\Dhananjay\Documents\java\TMA.mp3.zip to Pratik
1505043831708:	INFO	{ user:"Pratik",joinTime:"1505043830426",leaveTime:"1505043831708",filesUsed:"[C:\Users\Dhananjay\Documents\java\TMA.mp3.zip]" }
1505044006186:	INFO	{ user:"Pratik",joinTime:"1505043850836",leaveTime:"1505044006186",filesUsed:"[C:\Users\Dhananjay\Documents\java\TMA.mp3]" }
1505044329714:	INFO	{ user:"Pratik",joinTime:"1505044025349",leaveTime:"1505044329714",filesUsed:"[C:\Users\Dhananjay\Documents\java\TMA.mp3]" }
1505045748365:	INFO	{ user:"Pratik",joinTime:"1505045743131",leaveTime:"1505045748365",filesUsed:"[]" }
1505045881065:	INFO	{ user:"Pratik",joinTime:"1505045832596",leaveTime:"1505045881065",filesUsed:"[]" }
1505046013634:	INFO	{ user:"Pratik",joinTime:"1505045909669",leaveTime:"1505046013634",filesUsed:"[]" }
1505046040436:	INFO	{ user:"Pratik",joinTime:"1505046030182",leaveTime:"1505046040436",filesUsed:"[]" }
1505046131541:	INFO	{ user:"Pratik",joinTime:"1505046088061",leaveTime:"1505046131541",filesUsed:"[]" }
1505046208707:	INFO	{ user:"Pratik",joinTime:"1505046145346",leaveTime:"1505046208707",filesUsed:"[]" }
1505046258112:	INFO	{ user:"Pratik",joinTime:"1505046254864",leaveTime:"1505046258112",filesUsed:"[]" }
1505046339549:	INFO	{ user:"Pratik",joinTime:"1505046339474",leaveTime:"1505046339549",filesUsed:"[]" }
1505046377024:	INFO	{ user:"Pratik",joinTime:"1505046376794",leaveTime:"1505046377024",filesUsed:"[]" }
1505046580821:	INFO	{ user:"Pratik",joinTime:"1505046574657",leaveTime:"1505046580821",filesUsed:"[]" }
1505046733467:	INFO	{ user:"Pratik",joinTime:"1505046644845",leaveTime:"1505046733467",filesUsed:"[]" }
1505046813896:	INFO	{ user:"Pratik",joinTime:"1505046750116",leaveTime:"1505046813896",filesUsed:"[]" }
